<?xml version="1.0" encoding="UTF-8"?>
<testsuites>
	<testsuite name="deal.tests.test_urls.TestUrls-20210427095017" tests="6" file="deal/tests/test_urls.py" time="0.012" timestamp="2021-04-27T09:50:17" failures="0" errors="0" skipped="0">
		<testcase classname="deal.tests.test_urls.TestUrls" name="test_add_deal" time="0.002" timestamp="2021-04-27T09:50:17" file="deal/tests/test_urls.py" line="13"/>
		<testcase classname="deal.tests.test_urls.TestUrls" name="test_address_assets" time="0.002" timestamp="2021-04-27T09:50:17" file="deal/tests/test_urls.py" line="17"/>
		<testcase classname="deal.tests.test_urls.TestUrls" name="test_delete_deal_is_resolved" time="0.002" timestamp="2021-04-27T09:50:17" file="deal/tests/test_urls.py" line="29"/>
		<testcase classname="deal.tests.test_urls.TestUrls" name="test_index_is_resolved" time="0.002" timestamp="2021-04-27T09:50:17" file="deal/tests/test_urls.py" line="9"/>
		<testcase classname="deal.tests.test_urls.TestUrls" name="test_save_deal" time="0.002" timestamp="2021-04-27T09:50:17" file="deal/tests/test_urls.py" line="21"/>
		<testcase classname="deal.tests.test_urls.TestUrls" name="test_view_deal_detail_is_resolved" time="0.002" timestamp="2021-04-27T09:50:17" file="deal/tests/test_urls.py" line="25"/>
	</testsuite>
	<testsuite name="deal.tests.test_views.TestViews-20210427095017" tests="1" file="deal/tests/test_views.py" time="0.596" timestamp="2021-04-27T09:50:17" failures="0" errors="1" skipped="0">
		<testcase classname="deal.tests.test_views.TestViews" name="test_index_GET" time="0.596" timestamp="2021-04-27T09:50:17" file="deal/tests/test_views.py" line="28">
			<error type="KeyError" message="'github'"><![CDATA[Traceback (most recent call last):
  File "/Users/home/Documents/GitHub/WhiteCow2/deal/tests/test_views.py", line 31, in test_index_GET
    response = self.client.get(self.index_url)
  File "/Users/home/.local/share/virtualenvs/WhiteCow2-UdVHqJzA/lib/python3.9/site-packages/django/test/client.py", line 742, in get
    response = super().get(path, data=data, secure=secure, **extra)
  File "/Users/home/.local/share/virtualenvs/WhiteCow2-UdVHqJzA/lib/python3.9/site-packages/django/test/client.py", line 396, in get
    return self.generic('GET', path, secure=secure, **{
  File "/Users/home/.local/share/virtualenvs/WhiteCow2-UdVHqJzA/lib/python3.9/site-packages/django/test/client.py", line 473, in generic
    return self.request(**r)
  File "/Users/home/.local/share/virtualenvs/WhiteCow2-UdVHqJzA/lib/python3.9/site-packages/django/test/client.py", line 719, in request
    self.check_exception(response)
  File "/Users/home/.local/share/virtualenvs/WhiteCow2-UdVHqJzA/lib/python3.9/site-packages/django/test/client.py", line 580, in check_exception
    raise exc_value
  File "/Users/home/.local/share/virtualenvs/WhiteCow2-UdVHqJzA/lib/python3.9/site-packages/django/core/handlers/exception.py", line 47, in inner
    response = get_response(request)
  File "/Users/home/.local/share/virtualenvs/WhiteCow2-UdVHqJzA/lib/python3.9/site-packages/django/core/handlers/base.py", line 181, in _get_response
    response = wrapped_callback(request, *callback_args, **callback_kwargs)
  File "/Users/home/Documents/GitHub/WhiteCow2/deal/views.py", line 23, in index
    return render(request, 'deal/Views/dashboard.html',context)
  File "/Users/home/.local/share/virtualenvs/WhiteCow2-UdVHqJzA/lib/python3.9/site-packages/django/shortcuts.py", line 19, in render
    content = loader.render_to_string(template_name, context, request, using=using)
  File "/Users/home/.local/share/virtualenvs/WhiteCow2-UdVHqJzA/lib/python3.9/site-packages/django/template/loader.py", line 62, in render_to_string
    return template.render(context, request)
  File "/Users/home/.local/share/virtualenvs/WhiteCow2-UdVHqJzA/lib/python3.9/site-packages/django/template/backends/django.py", line 61, in render
    return self.template.render(context)
  File "/Users/home/.local/share/virtualenvs/WhiteCow2-UdVHqJzA/lib/python3.9/site-packages/django/template/base.py", line 170, in render
    return self._render(context)
  File "/Users/home/.local/share/virtualenvs/WhiteCow2-UdVHqJzA/lib/python3.9/site-packages/django/test/utils.py", line 100, in instrumented_test_render
    return self.nodelist.render(context)
  File "/Users/home/.local/share/virtualenvs/WhiteCow2-UdVHqJzA/lib/python3.9/site-packages/django/template/base.py", line 938, in render
    bit = node.render_annotated(context)
  File "/Users/home/.local/share/virtualenvs/WhiteCow2-UdVHqJzA/lib/python3.9/site-packages/django/template/base.py", line 905, in render_annotated
    return self.render(context)
  File "/Users/home/.local/share/virtualenvs/WhiteCow2-UdVHqJzA/lib/python3.9/site-packages/django/template/loader_tags.py", line 150, in render
    return compiled_parent._render(context)
  File "/Users/home/.local/share/virtualenvs/WhiteCow2-UdVHqJzA/lib/python3.9/site-packages/django/test/utils.py", line 100, in instrumented_test_render
    return self.nodelist.render(context)
  File "/Users/home/.local/share/virtualenvs/WhiteCow2-UdVHqJzA/lib/python3.9/site-packages/django/template/base.py", line 938, in render
    bit = node.render_annotated(context)
  File "/Users/home/.local/share/virtualenvs/WhiteCow2-UdVHqJzA/lib/python3.9/site-packages/django/template/base.py", line 905, in render_annotated
    return self.render(context)
  File "/Users/home/.local/share/virtualenvs/WhiteCow2-UdVHqJzA/lib/python3.9/site-packages/django/template/loader_tags.py", line 195, in render
    return template.render(context)
  File "/Users/home/.local/share/virtualenvs/WhiteCow2-UdVHqJzA/lib/python3.9/site-packages/django/template/base.py", line 172, in render
    return self._render(context)
  File "/Users/home/.local/share/virtualenvs/WhiteCow2-UdVHqJzA/lib/python3.9/site-packages/django/test/utils.py", line 100, in instrumented_test_render
    return self.nodelist.render(context)
  File "/Users/home/.local/share/virtualenvs/WhiteCow2-UdVHqJzA/lib/python3.9/site-packages/django/template/base.py", line 938, in render
    bit = node.render_annotated(context)
  File "/Users/home/.local/share/virtualenvs/WhiteCow2-UdVHqJzA/lib/python3.9/site-packages/django/template/base.py", line 905, in render_annotated
    return self.render(context)
  File "/Users/home/.local/share/virtualenvs/WhiteCow2-UdVHqJzA/lib/python3.9/site-packages/django/template/defaulttags.py", line 312, in render
    return nodelist.render(context)
  File "/Users/home/.local/share/virtualenvs/WhiteCow2-UdVHqJzA/lib/python3.9/site-packages/django/template/base.py", line 938, in render
    bit = node.render_annotated(context)
  File "/Users/home/.local/share/virtualenvs/WhiteCow2-UdVHqJzA/lib/python3.9/site-packages/django/template/base.py", line 905, in render_annotated
    return self.render(context)
  File "/Users/home/.local/share/virtualenvs/WhiteCow2-UdVHqJzA/lib/python3.9/site-packages/allauth/socialaccount/templatetags/socialaccount.py", line 19, in render
    provider = providers.registry.by_id(provider_id, request)
  File "/Users/home/.local/share/virtualenvs/WhiteCow2-UdVHqJzA/lib/python3.9/site-packages/allauth/socialaccount/providers/__init__.py", line 21, in by_id
    return self.provider_map[id](request=request)
KeyError: 'github'
]]></error>
		</testcase>
	</testsuite>
</testsuites>
