<?xml version="1.0" encoding="UTF-8"?>
<testsuites>
	<testsuite name="deal.tests.test_views.TestViews-20210427132031" tests="7" file="deal/tests/test_views.py" time="25.815" timestamp="2021-04-27T13:20:57" failures="0" errors="0" skipped="0">
		<testcase classname="deal.tests.test_views.TestViews" name="test_add_deal_GET" time="5.836" timestamp="2021-04-27T13:20:37" file="deal/tests/test_views.py" line="38"/>
		<testcase classname="deal.tests.test_views.TestViews" name="test_add_deal_POST" time="5.195" timestamp="2021-04-27T13:20:42" file="deal/tests/test_views.py" line="48">
			<system-out><![CDATA[######## Deal's name is  deal
]]></system-out>
		</testcase>
		<testcase classname="deal.tests.test_views.TestViews" name="test_address_assets_GET" time="3.686" timestamp="2021-04-27T13:20:46" file="deal/tests/test_views.py" line="65">
			<system-out><![CDATA[########## property status is  Sale
]]></system-out>
		</testcase>
		<testcase classname="deal.tests.test_views.TestViews" name="test_address_assets_POST" time="7.262" timestamp="2021-04-27T13:20:53" file="deal/tests/test_views.py" line="74">
			<system-out><![CDATA[########## property status is  Sale
Data to make API call is :  {'city': 'New York City', 'state_code': 'NY', 'location': '', 'property_status': 'Sale', 'property_type': 'land'}
computing Deal......

Here is the Deal 

                                       primary_photo    last_update_date  ...                                           location matterport
0  {'href': 'https://ap.rdcpix.com/4166246985/623... 2021-04-19 14:23:03  ...  {'address': {'postal_code': '10306', 'state': ...      False
1  {'href': 'https://ap.rdcpix.com/35c132191db67a... 2021-04-19 14:23:03  ...  {'address': {'postal_code': '10305', 'state': ...      False
2  {'href': 'https://ap.rdcpix.com/0bfd9e6ef2a948... 2021-04-19 14:23:03  ...  {'address': {'postal_code': '11226', 'state': ...      False

[3 rows x 23 columns]
]]></system-out>
		</testcase>
		<testcase classname="deal.tests.test_views.TestViews" name="test_deal_detail_GET" time="1.920" timestamp="2021-04-27T13:20:55" file="deal/tests/test_views.py" line="101"/>
		<testcase classname="deal.tests.test_views.TestViews" name="test_index_GET" time="0.764" timestamp="2021-04-27T13:20:56" file="deal/tests/test_views.py" line="30"/>
		<testcase classname="deal.tests.test_views.TestViews" name="test_save_deal_GET" time="1.151" timestamp="2021-04-27T13:20:57" file="deal/tests/test_views.py" line="91"/>
	</testsuite>
	<testsuite name="deal.tests.test_urls.TestUrls-20210427132031" tests="6" file="deal/tests/test_urls.py" time="0.024" timestamp="2021-04-27T13:20:57" failures="0" errors="0" skipped="0">
		<testcase classname="deal.tests.test_urls.TestUrls" name="test_add_deal" time="0.005" timestamp="2021-04-27T13:20:57" file="deal/tests/test_urls.py" line="13"/>
		<testcase classname="deal.tests.test_urls.TestUrls" name="test_address_assets" time="0.002" timestamp="2021-04-27T13:20:57" file="deal/tests/test_urls.py" line="17"/>
		<testcase classname="deal.tests.test_urls.TestUrls" name="test_delete_deal_is_resolved" time="0.006" timestamp="2021-04-27T13:20:57" file="deal/tests/test_urls.py" line="29"/>
		<testcase classname="deal.tests.test_urls.TestUrls" name="test_index_is_resolved" time="0.004" timestamp="2021-04-27T13:20:57" file="deal/tests/test_urls.py" line="9"/>
		<testcase classname="deal.tests.test_urls.TestUrls" name="test_save_deal" time="0.003" timestamp="2021-04-27T13:20:57" file="deal/tests/test_urls.py" line="21"/>
		<testcase classname="deal.tests.test_urls.TestUrls" name="test_view_deal_detail_is_resolved" time="0.004" timestamp="2021-04-27T13:20:57" file="deal/tests/test_urls.py" line="25"/>
	</testsuite>
</testsuites>
